01:14:42 **** Incremental Build of configuration Nios II for project ucos2nios2 ****
make all 
Info: Building ../ucos2nios2_bsp/
C:/intelFPGA_lite/18.1/nios2eds/bin/gnu/H-x86_64-mingw32/bin/make --no-print-directory -C ../ucos2nios2_bsp/
[BSP build complete]
Info: Creating ucos2nios2.objdump
nios2-elf-objdump --disassemble --syms --all-header --source ucos2nios2.elf >ucos2nios2.objdump
[ucos2nios2 build complete]
01:14:57 **** Build of configuration Nios II for project ucos2nios2 ****
make all 
Info: Building ../ucos2nios2_bsp/
C:/intelFPGA_lite/18.1/nios2eds/bin/gnu/H-x86_64-mingw32/bin/make --no-print-directory -C ../ucos2nios2_bsp/
[BSP build complete]
[ucos2nios2 build complete]
01:14:59 **** Incremental Build of configuration Nios II for project ucos2nios2 ****
make all 
Info: Building ../ucos2nios2_bsp/
C:/intelFPGA_lite/18.1/nios2eds/bin/gnu/H-x86_64-mingw32/bin/make --no-print-directory -C ../ucos2nios2_bsp/
[BSP build complete]
[ucos2nios2 build complete]
01:16:27 **** Incremental Build of configuration Nios II for project ucos2nios2 ****
make all 
Info: Building ../ucos2nios2_bsp/
C:/intelFPGA_lite/18.1/nios2eds/bin/gnu/H-x86_64-mingw32/bin/make --no-print-directory -C ../ucos2nios2_bsp/
[BSP build complete]
[ucos2nios2 build complete]
01:17:04 **** Incremental Build of configuration Nios II for project ucos2nios2 ****
make all 
Info: Building ../ucos2nios2_bsp/
C:/intelFPGA_lite/18.1/nios2eds/bin/gnu/H-x86_64-mingw32/bin/make --no-print-directory -C ../ucos2nios2_bsp/
[BSP build complete]
[ucos2nios2 build complete]
01:19:43 **** Incremental Build of configuration Nios II for project ucos2nios2 ****
make all 
Info: Building ../ucos2nios2_bsp/
C:/intelFPGA_lite/18.1/nios2eds/bin/gnu/H-x86_64-mingw32/bin/make --no-print-directory -C ../ucos2nios2_bsp/
[BSP build complete]
[ucos2nios2 build complete]
01:19:44 **** Incremental Build of configuration Nios II for project ucos2nios2_bsp ****
make all 
[BSP build complete]
